Determining if the pthread_create exist failed with the following output:
Change Dir: /home/jeffreyw/CS480Rodrigue/PA8/build/CMakeFiles/CMakeTmp

Run Build Command:"/usr/bin/make" "cmTC_cccd1/fast"
/usr/bin/make -f CMakeFiles/cmTC_cccd1.dir/build.make CMakeFiles/cmTC_cccd1.dir/build
make[1]: Entering directory '/home/jeffreyw/CS480Rodrigue/PA8/build/CMakeFiles/CMakeTmp'
Building C object CMakeFiles/cmTC_cccd1.dir/CheckSymbolExists.c.o
/usr/bin/cc     -o CMakeFiles/cmTC_cccd1.dir/CheckSymbolExists.c.o   -c /home/jeffreyw/CS480Rodrigue/PA8/build/CMakeFiles/CMakeTmp/CheckSymbolExists.c
Linking C executable cmTC_cccd1
/usr/bin/cmake -E cmake_link_script CMakeFiles/cmTC_cccd1.dir/link.txt --verbose=1
/usr/bin/cc       CMakeFiles/cmTC_cccd1.dir/CheckSymbolExists.c.o  -o cmTC_cccd1 -rdynamic 
CMakeFiles/cmTC_cccd1.dir/CheckSymbolExists.c.o: In function `main':
CheckSymbolExists.c:(.text+0x1b): undefined reference to `pthread_create'
collect2: error: ld returned 1 exit status
CMakeFiles/cmTC_cccd1.dir/build.make:97: recipe for target 'cmTC_cccd1' failed
make[1]: *** [cmTC_cccd1] Error 1
make[1]: Leaving directory '/home/jeffreyw/CS480Rodrigue/PA8/build/CMakeFiles/CMakeTmp'
Makefile:126: recipe for target 'cmTC_cccd1/fast' failed
make: *** [cmTC_cccd1/fast] Error 2

File /home/jeffreyw/CS480Rodrigue/PA8/build/CMakeFiles/CMakeTmp/CheckSymbolExists.c:
/* */
#include <pthread.h>

int main(int argc, char** argv)
{
  (void)argv;
#ifndef pthread_create
  return ((int*)(&pthread_create))[argc];
#else
  (void)argc;
  return 0;
#endif
}

Determining if the function pthread_create exists in the pthreads failed with the following output:
Change Dir: /home/jeffreyw/CS480Rodrigue/PA8/build/CMakeFiles/CMakeTmp

Run Build Command:"/usr/bin/make" "cmTC_f2b12/fast"
/usr/bin/make -f CMakeFiles/cmTC_f2b12.dir/build.make CMakeFiles/cmTC_f2b12.dir/build
make[1]: Entering directory '/home/jeffreyw/CS480Rodrigue/PA8/build/CMakeFiles/CMakeTmp'
Building C object CMakeFiles/cmTC_f2b12.dir/CheckFunctionExists.c.o
/usr/bin/cc    -DCHECK_FUNCTION_EXISTS=pthread_create   -o CMakeFiles/cmTC_f2b12.dir/CheckFunctionExists.c.o   -c /usr/share/cmake-3.7/Modules/CheckFunctionExists.c
Linking C executable cmTC_f2b12
/usr/bin/cmake -E cmake_link_script CMakeFiles/cmTC_f2b12.dir/link.txt --verbose=1
/usr/bin/cc   -DCHECK_FUNCTION_EXISTS=pthread_create    CMakeFiles/cmTC_f2b12.dir/CheckFunctionExists.c.o  -o cmTC_f2b12 -rdynamic -lpthreads 
/usr/bin/ld: cannot find -lpthreads
collect2: error: ld returned 1 exit status
CMakeFiles/cmTC_f2b12.dir/build.make:97: recipe for target 'cmTC_f2b12' failed
make[1]: *** [cmTC_f2b12] Error 1
make[1]: Leaving directory '/home/jeffreyw/CS480Rodrigue/PA8/build/CMakeFiles/CMakeTmp'
Makefile:126: recipe for target 'cmTC_f2b12/fast' failed
make: *** [cmTC_f2b12/fast] Error 2


Determining if the pthread_create exist failed with the following output:
Change Dir: /home/jeffreyw/CS480Rodrigue/PA8/build/CMakeFiles/CMakeTmp

Run Build Command:"/usr/bin/make" "cmTC_104ff/fast"
/usr/bin/make -f CMakeFiles/cmTC_104ff.dir/build.make CMakeFiles/cmTC_104ff.dir/build
make[1]: Entering directory '/home/jeffreyw/CS480Rodrigue/PA8/build/CMakeFiles/CMakeTmp'
Building C object CMakeFiles/cmTC_104ff.dir/CheckSymbolExists.c.o
/usr/bin/cc     -o CMakeFiles/cmTC_104ff.dir/CheckSymbolExists.c.o   -c /home/jeffreyw/CS480Rodrigue/PA8/build/CMakeFiles/CMakeTmp/CheckSymbolExists.c
Linking C executable cmTC_104ff
/usr/bin/cmake -E cmake_link_script CMakeFiles/cmTC_104ff.dir/link.txt --verbose=1
/usr/bin/cc       CMakeFiles/cmTC_104ff.dir/CheckSymbolExists.c.o  -o cmTC_104ff -rdynamic 
CMakeFiles/cmTC_104ff.dir/CheckSymbolExists.c.o: In function `main':
CheckSymbolExists.c:(.text+0x1b): undefined reference to `pthread_create'
collect2: error: ld returned 1 exit status
CMakeFiles/cmTC_104ff.dir/build.make:97: recipe for target 'cmTC_104ff' failed
make[1]: *** [cmTC_104ff] Error 1
make[1]: Leaving directory '/home/jeffreyw/CS480Rodrigue/PA8/build/CMakeFiles/CMakeTmp'
Makefile:126: recipe for target 'cmTC_104ff/fast' failed
make: *** [cmTC_104ff/fast] Error 2

File /home/jeffreyw/CS480Rodrigue/PA8/build/CMakeFiles/CMakeTmp/CheckSymbolExists.c:
/* */
#include <pthread.h>

int main(int argc, char** argv)
{
  (void)argv;
#ifndef pthread_create
  return ((int*)(&pthread_create))[argc];
#else
  (void)argc;
  return 0;
#endif
}

Determining if the function pthread_create exists in the pthreads failed with the following output:
Change Dir: /home/jeffreyw/CS480Rodrigue/PA8/build/CMakeFiles/CMakeTmp

Run Build Command:"/usr/bin/make" "cmTC_5a9e7/fast"
/usr/bin/make -f CMakeFiles/cmTC_5a9e7.dir/build.make CMakeFiles/cmTC_5a9e7.dir/build
make[1]: Entering directory '/home/jeffreyw/CS480Rodrigue/PA8/build/CMakeFiles/CMakeTmp'
Building C object CMakeFiles/cmTC_5a9e7.dir/CheckFunctionExists.c.o
/usr/bin/cc    -DCHECK_FUNCTION_EXISTS=pthread_create   -o CMakeFiles/cmTC_5a9e7.dir/CheckFunctionExists.c.o   -c /usr/share/cmake-3.7/Modules/CheckFunctionExists.c
Linking C executable cmTC_5a9e7
/usr/bin/cmake -E cmake_link_script CMakeFiles/cmTC_5a9e7.dir/link.txt --verbose=1
/usr/bin/cc   -DCHECK_FUNCTION_EXISTS=pthread_create    CMakeFiles/cmTC_5a9e7.dir/CheckFunctionExists.c.o  -o cmTC_5a9e7 -rdynamic -lpthreads 
/usr/bin/ld: cannot find -lpthreads
collect2: error: ld returned 1 exit status
CMakeFiles/cmTC_5a9e7.dir/build.make:97: recipe for target 'cmTC_5a9e7' failed
make[1]: *** [cmTC_5a9e7] Error 1
make[1]: Leaving directory '/home/jeffreyw/CS480Rodrigue/PA8/build/CMakeFiles/CMakeTmp'
Makefile:126: recipe for target 'cmTC_5a9e7/fast' failed
make: *** [cmTC_5a9e7/fast] Error 2


