Determining if the pthread_create exist failed with the following output:
Change Dir: /home/tmccrone/Desktop/cs480McCrone/KurtisGitHub/CS480Rodrigue/PA5/build/CMakeFiles/CMakeTmp

Run Build Command:"/usr/bin/make" "cmTC_2c919/fast"
/usr/bin/make -f CMakeFiles/cmTC_2c919.dir/build.make CMakeFiles/cmTC_2c919.dir/build
make[1]: Entering directory '/home/tmccrone/Desktop/cs480McCrone/KurtisGitHub/CS480Rodrigue/PA5/build/CMakeFiles/CMakeTmp'
Building C object CMakeFiles/cmTC_2c919.dir/CheckSymbolExists.c.o
/usr/bin/cc     -o CMakeFiles/cmTC_2c919.dir/CheckSymbolExists.c.o   -c /home/tmccrone/Desktop/cs480McCrone/KurtisGitHub/CS480Rodrigue/PA5/build/CMakeFiles/CMakeTmp/CheckSymbolExists.c
Linking C executable cmTC_2c919
/usr/bin/cmake -E cmake_link_script CMakeFiles/cmTC_2c919.dir/link.txt --verbose=1
/usr/bin/cc       CMakeFiles/cmTC_2c919.dir/CheckSymbolExists.c.o  -o cmTC_2c919 -rdynamic 
CMakeFiles/cmTC_2c919.dir/CheckSymbolExists.c.o: In function `main':
CheckSymbolExists.c:(.text+0x1b): undefined reference to `pthread_create'
collect2: error: ld returned 1 exit status
CMakeFiles/cmTC_2c919.dir/build.make:97: recipe for target 'cmTC_2c919' failed
make[1]: *** [cmTC_2c919] Error 1
make[1]: Leaving directory '/home/tmccrone/Desktop/cs480McCrone/KurtisGitHub/CS480Rodrigue/PA5/build/CMakeFiles/CMakeTmp'
Makefile:126: recipe for target 'cmTC_2c919/fast' failed
make: *** [cmTC_2c919/fast] Error 2

File /home/tmccrone/Desktop/cs480McCrone/KurtisGitHub/CS480Rodrigue/PA5/build/CMakeFiles/CMakeTmp/CheckSymbolExists.c:
/* */
#include <pthread.h>

int main(int argc, char** argv)
{
  (void)argv;
#ifndef pthread_create
  return ((int*)(&pthread_create))[argc];
#else
  (void)argc;
  return 0;
#endif
}

Determining if the function pthread_create exists in the pthreads failed with the following output:
Change Dir: /home/tmccrone/Desktop/cs480McCrone/KurtisGitHub/CS480Rodrigue/PA5/build/CMakeFiles/CMakeTmp

Run Build Command:"/usr/bin/make" "cmTC_f31bb/fast"
/usr/bin/make -f CMakeFiles/cmTC_f31bb.dir/build.make CMakeFiles/cmTC_f31bb.dir/build
make[1]: Entering directory '/home/tmccrone/Desktop/cs480McCrone/KurtisGitHub/CS480Rodrigue/PA5/build/CMakeFiles/CMakeTmp'
Building C object CMakeFiles/cmTC_f31bb.dir/CheckFunctionExists.c.o
/usr/bin/cc    -DCHECK_FUNCTION_EXISTS=pthread_create   -o CMakeFiles/cmTC_f31bb.dir/CheckFunctionExists.c.o   -c /usr/share/cmake-3.7/Modules/CheckFunctionExists.c
Linking C executable cmTC_f31bb
/usr/bin/cmake -E cmake_link_script CMakeFiles/cmTC_f31bb.dir/link.txt --verbose=1
/usr/bin/cc   -DCHECK_FUNCTION_EXISTS=pthread_create    CMakeFiles/cmTC_f31bb.dir/CheckFunctionExists.c.o  -o cmTC_f31bb -rdynamic -lpthreads 
/usr/bin/ld: cannot find -lpthreads
collect2: error: ld returned 1 exit status
CMakeFiles/cmTC_f31bb.dir/build.make:97: recipe for target 'cmTC_f31bb' failed
make[1]: *** [cmTC_f31bb] Error 1
make[1]: Leaving directory '/home/tmccrone/Desktop/cs480McCrone/KurtisGitHub/CS480Rodrigue/PA5/build/CMakeFiles/CMakeTmp'
Makefile:126: recipe for target 'cmTC_f31bb/fast' failed
make: *** [cmTC_f31bb/fast] Error 2


