Determining if the pthread_create exist failed with the following output:
Change Dir: /home/kc/Documents/CS480/CS480Rodrigue/PA2/cmake-build-debug/CMakeFiles/CMakeTmp

Run Build Command:"/usr/bin/make" "cmTC_76b80/fast"
/usr/bin/make -f CMakeFiles/cmTC_76b80.dir/build.make CMakeFiles/cmTC_76b80.dir/build
make[1]: Entering directory '/home/kc/Documents/CS480/CS480Rodrigue/PA2/cmake-build-debug/CMakeFiles/CMakeTmp'
Building C object CMakeFiles/cmTC_76b80.dir/CheckSymbolExists.c.o
/usr/bin/cc    -o CMakeFiles/cmTC_76b80.dir/CheckSymbolExists.c.o   -c /home/kc/Documents/CS480/CS480Rodrigue/PA2/cmake-build-debug/CMakeFiles/CMakeTmp/CheckSymbolExists.c
Linking C executable cmTC_76b80
/home/kc/clion-2018.2.2/bin/cmake/linux/bin/cmake -E cmake_link_script CMakeFiles/cmTC_76b80.dir/link.txt --verbose=1
/usr/bin/cc      -rdynamic CMakeFiles/cmTC_76b80.dir/CheckSymbolExists.c.o  -o cmTC_76b80 
CMakeFiles/cmTC_76b80.dir/CheckSymbolExists.c.o: In function `main':
CheckSymbolExists.c:(.text+0x16): undefined reference to `pthread_create'
collect2: error: ld returned 1 exit status
CMakeFiles/cmTC_76b80.dir/build.make:86: recipe for target 'cmTC_76b80' failed
make[1]: *** [cmTC_76b80] Error 1
make[1]: Leaving directory '/home/kc/Documents/CS480/CS480Rodrigue/PA2/cmake-build-debug/CMakeFiles/CMakeTmp'
Makefile:121: recipe for target 'cmTC_76b80/fast' failed
make: *** [cmTC_76b80/fast] Error 2

File /home/kc/Documents/CS480/CS480Rodrigue/PA2/cmake-build-debug/CMakeFiles/CMakeTmp/CheckSymbolExists.c:
/* */
#include <pthread.h>

int main(int argc, char** argv)
{
  (void)argv;
#ifndef pthread_create
  return ((int*)(&pthread_create))[argc];
#else
  (void)argc;
  return 0;
#endif
}

Determining if the function pthread_create exists in the pthreads failed with the following output:
Change Dir: /home/kc/Documents/CS480/CS480Rodrigue/PA2/cmake-build-debug/CMakeFiles/CMakeTmp

Run Build Command:"/usr/bin/make" "cmTC_a4a28/fast"
/usr/bin/make -f CMakeFiles/cmTC_a4a28.dir/build.make CMakeFiles/cmTC_a4a28.dir/build
make[1]: Entering directory '/home/kc/Documents/CS480/CS480Rodrigue/PA2/cmake-build-debug/CMakeFiles/CMakeTmp'
Building C object CMakeFiles/cmTC_a4a28.dir/CheckFunctionExists.c.o
/usr/bin/cc   -DCHECK_FUNCTION_EXISTS=pthread_create   -o CMakeFiles/cmTC_a4a28.dir/CheckFunctionExists.c.o   -c /home/kc/clion-2018.2.2/bin/cmake/linux/share/cmake-3.12/Modules/CheckFunctionExists.c
Linking C executable cmTC_a4a28
/home/kc/clion-2018.2.2/bin/cmake/linux/bin/cmake -E cmake_link_script CMakeFiles/cmTC_a4a28.dir/link.txt --verbose=1
/usr/bin/cc  -DCHECK_FUNCTION_EXISTS=pthread_create    -rdynamic CMakeFiles/cmTC_a4a28.dir/CheckFunctionExists.c.o  -o cmTC_a4a28 -lpthreads 
/usr/bin/ld: cannot find -lpthreads
collect2: error: ld returned 1 exit status
CMakeFiles/cmTC_a4a28.dir/build.make:86: recipe for target 'cmTC_a4a28' failed
make[1]: *** [cmTC_a4a28] Error 1
make[1]: Leaving directory '/home/kc/Documents/CS480/CS480Rodrigue/PA2/cmake-build-debug/CMakeFiles/CMakeTmp'
Makefile:121: recipe for target 'cmTC_a4a28/fast' failed
make: *** [cmTC_a4a28/fast] Error 2


